C:\Users\nikit\Anaconda3\envs\deppLearning\python.exe K:/test_task/main.py
C:\Users\nikit\Anaconda3\envs\deppLearning\lib\site-packages\sklearn\externals\joblib\externals\cloudpickle\cloudpickle.py:47: DeprecationWarning: the imp module is deprecated in favour of importlib; see the module's documentation for alternative uses
  import imp
Using TensorFlow backend.
data_test length : (985, 1612)
data_train length : (110, 1612)
y_data_test length : (985,)
y_data_train length : (110,)
_________________________________________________________________
Layer (type)                 Output Shape              Param #   
=================================================================
dense_1 (Dense)              (None, 64)                103232    
_________________________________________________________________
dense_2 (Dense)              (None, 128)               8320      
_________________________________________________________________
activation_1 (Activation)    (None, 128)               0         
_________________________________________________________________
dropout_1 (Dropout)          (None, 128)               0         
_________________________________________________________________
dense_3 (Dense)              (None, 128)               16512     
_________________________________________________________________
activation_2 (Activation)    (None, 128)               0         
_________________________________________________________________
dropout_2 (Dropout)          (None, 128)               0         
_________________________________________________________________
dense_4 (Dense)              (None, 128)               16512     
_________________________________________________________________
activation_3 (Activation)    (None, 128)               0         
_________________________________________________________________
dropout_3 (Dropout)          (None, 128)               0         
_________________________________________________________________
dense_5 (Dense)              (None, 1)                 129       
=================================================================
Total params: 144,705
Trainable params: 144,705
Non-trainable params: 0
_________________________________________________________________
Train on 985 samples, validate on 110 samples
Epoch 1/50
2019-03-17 18:05:13.890063: I tensorflow/core/platform/cpu_feature_guard.cc:141] Your CPU supports instructions that this TensorFlow binary was not compiled to use: AVX AVX2
2019-03-17 18:05:14.163120: I tensorflow/core/common_runtime/gpu/gpu_device.cc:1432] Found device 0 with properties: 
name: GeForce GTX 1070 Ti major: 6 minor: 1 memoryClockRate(GHz): 1.683
pciBusID: 0000:0a:00.0
totalMemory: 8.00GiB freeMemory: 6.62GiB
2019-03-17 18:05:14.163392: I tensorflow/core/common_runtime/gpu/gpu_device.cc:1511] Adding visible gpu devices: 0
2019-03-17 18:05:14.704939: I tensorflow/core/common_runtime/gpu/gpu_device.cc:982] Device interconnect StreamExecutor with strength 1 edge matrix:
2019-03-17 18:05:14.705104: I tensorflow/core/common_runtime/gpu/gpu_device.cc:988]      0 
2019-03-17 18:05:14.705198: I tensorflow/core/common_runtime/gpu/gpu_device.cc:1001] 0:   N 
2019-03-17 18:05:14.705410: I tensorflow/core/common_runtime/gpu/gpu_device.cc:1115] Created TensorFlow device (/job:localhost/replica:0/task:0/device:GPU:0 with 6373 MB memory) -> physical GPU (device: 0, name: GeForce GTX 1070 Ti, pci bus id: 0000:0a:00.0, compute capability: 6.1)

  4/985 [..............................] - ETA: 6:58 - loss: 0.6931 - acc: 0.7500
 56/985 [>.............................] - ETA: 29s - loss: 0.6931 - acc: 0.5000 
108/985 [==>...........................] - ETA: 14s - loss: 0.6931 - acc: 0.4722
160/985 [===>..........................] - ETA: 9s - loss: 0.6931 - acc: 0.4938 
216/985 [=====>........................] - ETA: 6s - loss: 0.6931 - acc: 0.5370
268/985 [=======>......................] - ETA: 5s - loss: 0.6931 - acc: 0.5597
320/985 [========>.....................] - ETA: 4s - loss: 0.6931 - acc: 0.5687
372/985 [==========>...................] - ETA: 3s - loss: 0.6931 - acc: 0.5887
424/985 [===========>..................] - ETA: 2s - loss: 0.6931 - acc: 0.6061
476/985 [=============>................] - ETA: 2s - loss: 0.6931 - acc: 0.5966
528/985 [===============>..............] - ETA: 1s - loss: 0.6931 - acc: 0.6061
580/985 [================>.............] - ETA: 1s - loss: 0.6931 - acc: 0.6069
632/985 [==================>...........] - ETA: 1s - loss: 0.6931 - acc: 0.6123
684/985 [===================>..........] - ETA: 1s - loss: 0.6931 - acc: 0.6067
736/985 [=====================>........] - ETA: 0s - loss: 0.6931 - acc: 0.6005
788/985 [=======================>......] - ETA: 0s - loss: 0.6931 - acc: 0.5914
840/985 [========================>.....] - ETA: 0s - loss: 0.6931 - acc: 0.5917
892/985 [==========================>...] - ETA: 0s - loss: 0.6931 - acc: 0.5930
944/985 [===========================>..] - ETA: 0s - loss: 0.6931 - acc: 0.5964
985/985 [==============================] - 3s 3ms/step - loss: 0.6931 - acc: 0.6020 - val_loss: 0.6930 - val_acc: 0.6364
Epoch 2/50

  4/985 [..............................] - ETA: 0s - loss: 0.6929 - acc: 0.7500
 56/985 [>.............................] - ETA: 0s - loss: 0.6930 - acc: 0.6250
108/985 [==>...........................] - ETA: 0s - loss: 0.6931 - acc: 0.5741
160/985 [===>..........................] - ETA: 0s - loss: 0.6931 - acc: 0.5875
212/985 [=====>........................] - ETA: 0s - loss: 0.6930 - acc: 0.5943
264/985 [=======>......................] - ETA: 0s - loss: 0.6930 - acc: 0.6136
316/985 [========>.....................] - ETA: 0s - loss: 0.6930 - acc: 0.6044
368/985 [==========>...................] - ETA: 0s - loss: 0.6930 - acc: 0.6060
420/985 [===========>..................] - ETA: 0s - loss: 0.6930 - acc: 0.6071
472/985 [=============>................] - ETA: 0s - loss: 0.6930 - acc: 0.5890
524/985 [==============>...............] - ETA: 0s - loss: 0.6930 - acc: 0.6050
576/985 [================>.............] - ETA: 0s - loss: 0.6930 - acc: 0.6111
628/985 [==================>...........] - ETA: 0s - loss: 0.6930 - acc: 0.6162
680/985 [===================>..........] - ETA: 0s - loss: 0.6930 - acc: 0.6206
732/985 [=====================>........] - ETA: 0s - loss: 0.6930 - acc: 0.6216
784/985 [======================>.......] - ETA: 0s - loss: 0.6930 - acc: 0.6186
836/985 [========================>.....] - ETA: 0s - loss: 0.6930 - acc: 0.6136
888/985 [==========================>...] - ETA: 0s - loss: 0.6930 - acc: 0.6137
940/985 [===========================>..] - ETA: 0s - loss: 0.6930 - acc: 0.6128
985/985 [==============================] - 1s 1ms/step - loss: 0.6930 - acc: 0.6102 - val_loss: 0.6929 - val_acc: 0.6364
Epoch 3/50

  4/985 [..............................] - ETA: 0s - loss: 0.6931 - acc: 0.5000
 52/985 [>.............................] - ETA: 1s - loss: 0.6932 - acc: 0.4808
104/985 [==>...........................] - ETA: 0s - loss: 0.6931 - acc: 0.5192
156/985 [===>..........................] - ETA: 0s - loss: 0.6930 - acc: 0.5705
204/985 [=====>........................] - ETA: 0s - loss: 0.6930 - acc: 0.5980
256/985 [======>.......................] - ETA: 0s - loss: 0.6930 - acc: 0.5938
304/985 [========>.....................] - ETA: 0s - loss: 0.6930 - acc: 0.5921
356/985 [=========>....................] - ETA: 0s - loss: 0.6930 - acc: 0.5927
408/985 [===========>..................] - ETA: 0s - loss: 0.6930 - acc: 0.5931
456/985 [============>.................] - ETA: 0s - loss: 0.6929 - acc: 0.5943
508/985 [==============>...............] - ETA: 0s - loss: 0.6930 - acc: 0.5886
560/985 [================>.............] - ETA: 0s - loss: 0.6929 - acc: 0.5964
616/985 [=================>............] - ETA: 0s - loss: 0.6929 - acc: 0.6039
668/985 [===================>..........] - ETA: 0s - loss: 0.6929 - acc: 0.6048
724/985 [=====================>........] - ETA: 0s - loss: 0.6929 - acc: 0.6050
780/985 [======================>.......] - ETA: 0s - loss: 0.6929 - acc: 0.6115
836/985 [========================>.....] - ETA: 0s - loss: 0.6929 - acc: 0.6053
888/985 [==========================>...] - ETA: 0s - loss: 0.6929 - acc: 0.6137
944/985 [===========================>..] - ETA: 0s - loss: 0.6929 - acc: 0.6133
985/985 [==============================] - 1s 1ms/step - loss: 0.6929 - acc: 0.6102 - val_loss: 0.6928 - val_acc: 0.6364
Epoch 4/50

  4/985 [..............................] - ETA: 0s - loss: 0.6924 - acc: 0.7500
 60/985 [>.............................] - ETA: 0s - loss: 0.6927 - acc: 0.6500
112/985 [==>...........................] - ETA: 0s - loss: 0.6928 - acc: 0.6250
164/985 [===>..........................] - ETA: 0s - loss: 0.6928 - acc: 0.6098
220/985 [=====>........................] - ETA: 0s - loss: 0.6927 - acc: 0.6409
272/985 [=======>......................] - ETA: 0s - loss: 0.6927 - acc: 0.6360
324/985 [========>.....................] - ETA: 0s - loss: 0.6927 - acc: 0.6574
376/985 [==========>...................] - ETA: 0s - loss: 0.6927 - acc: 0.6463
432/985 [============>.................] - ETA: 0s - loss: 0.6927 - acc: 0.6366
488/985 [=============>................] - ETA: 0s - loss: 0.6927 - acc: 0.6270
540/985 [===============>..............] - ETA: 0s - loss: 0.6928 - acc: 0.6111
596/985 [=================>............] - ETA: 0s - loss: 0.6928 - acc: 0.6208
652/985 [==================>...........] - ETA: 0s - loss: 0.6928 - acc: 0.6166
704/985 [====================>.........] - ETA: 0s - loss: 0.6928 - acc: 0.6051
760/985 [======================>.......] - ETA: 0s - loss: 0.6928 - acc: 0.6079
812/985 [=======================>......] - ETA: 0s - loss: 0.6928 - acc: 0.6059
864/985 [=========================>....] - ETA: 0s - loss: 0.6928 - acc: 0.6042
920/985 [===========================>..] - ETA: 0s - loss: 0.6928 - acc: 0.6076
972/985 [============================>.] - ETA: 0s - loss: 0.6928 - acc: 0.6132
985/985 [==============================] - 1s 993us/step - loss: 0.6928 - acc: 0.6102 - val_loss: 0.6926 - val_acc: 0.6364
Epoch 5/50

  4/985 [..............................] - ETA: 0s - loss: 0.6941 - acc: 0.2500
 60/985 [>.............................] - ETA: 0s - loss: 0.6929 - acc: 0.5667
112/985 [==>...........................] - ETA: 0s - loss: 0.6930 - acc: 0.5357
164/985 [===>..........................] - ETA: 0s - loss: 0.6928 - acc: 0.5793
220/985 [=====>........................] - ETA: 0s - loss: 0.6927 - acc: 0.6182
276/985 [=======>......................] - ETA: 0s - loss: 0.6928 - acc: 0.5978
328/985 [========>.....................] - ETA: 0s - loss: 0.6928 - acc: 0.5915
380/985 [==========>...................] - ETA: 0s - loss: 0.6928 - acc: 0.5974
432/985 [============>.................] - ETA: 0s - loss: 0.6927 - acc: 0.6019
488/985 [=============>................] - ETA: 0s - loss: 0.6927 - acc: 0.5984
540/985 [===============>..............] - ETA: 0s - loss: 0.6927 - acc: 0.6093
592/985 [=================>............] - ETA: 0s - loss: 0.6927 - acc: 0.6166
644/985 [==================>...........] - ETA: 0s - loss: 0.6927 - acc: 0.6180
696/985 [====================>.........] - ETA: 0s - loss: 0.6927 - acc: 0.6078
748/985 [=====================>........] - ETA: 0s - loss: 0.6927 - acc: 0.6136
804/985 [=======================>......] - ETA: 0s - loss: 0.6927 - acc: 0.6144
856/985 [=========================>....] - ETA: 0s - loss: 0.6927 - acc: 0.6133
908/985 [==========================>...] - ETA: 0s - loss: 0.6927 - acc: 0.6123
960/985 [============================>.] - ETA: 0s - loss: 0.6927 - acc: 0.6125
985/985 [==============================] - 1s 991us/step - loss: 0.6927 - acc: 0.6102 - val_loss: 0.6925 - val_acc: 0.6364
Epoch 6/50

  4/985 [..............................] - ETA: 0s - loss: 0.6932 - acc: 0.5000
 56/985 [>.............................] - ETA: 0s - loss: 0.6929 - acc: 0.5536
108/985 [==>...........................] - ETA: 0s - loss: 0.6929 - acc: 0.5463
160/985 [===>..........................] - ETA: 0s - loss: 0.6926 - acc: 0.6062
212/985 [=====>........................] - ETA: 0s - loss: 0.6926 - acc: 0.6038
264/985 [=======>......................] - ETA: 0s - loss: 0.6925 - acc: 0.6212
316/985 [========>.....................] - ETA: 0s - loss: 0.6926 - acc: 0.6044
372/985 [==========>...................] - ETA: 0s - loss: 0.6926 - acc: 0.6075
428/985 [============>.................] - ETA: 0s - loss: 0.6926 - acc: 0.6075
480/985 [=============>................] - ETA: 0s - loss: 0.6926 - acc: 0.6042
536/985 [===============>..............] - ETA: 0s - loss: 0.6926 - acc: 0.6045
592/985 [=================>............] - ETA: 0s - loss: 0.6926 - acc: 0.6014
648/985 [==================>...........] - ETA: 0s - loss: 0.6926 - acc: 0.6034
704/985 [====================>.........] - ETA: 0s - loss: 0.6926 - acc: 0.6009
756/985 [======================>.......] - ETA: 0s - loss: 0.6926 - acc: 0.6111
808/985 [=======================>......] - ETA: 0s - loss: 0.6926 - acc: 0.6126
860/985 [=========================>....] - ETA: 0s - loss: 0.6925 - acc: 0.6186
912/985 [==========================>...] - ETA: 0s - loss: 0.6925 - acc: 0.6173
968/985 [============================>.] - ETA: 0s - loss: 0.6926 - acc: 0.6085
985/985 [==============================] - 1s 993us/step - loss: 0.6926 - acc: 0.6102 - val_loss: 0.6923 - val_acc: 0.6364
Epoch 7/50

  4/985 [..............................] - ETA: 0s - loss: 0.6946 - acc: 0.2500
 56/985 [>.............................] - ETA: 0s - loss: 0.6925 - acc: 0.6071
108/985 [==>...........................] - ETA: 0s - loss: 0.6928 - acc: 0.5556
160/985 [===>..........................] - ETA: 0s - loss: 0.6928 - acc: 0.5625
216/985 [=====>........................] - ETA: 0s - loss: 0.6927 - acc: 0.5741
272/985 [=======>......................] - ETA: 0s - loss: 0.6926 - acc: 0.5956
328/985 [========>.....................] - ETA: 0s - loss: 0.6925 - acc: 0.6159
380/985 [==========>...................] - ETA: 0s - loss: 0.6924 - acc: 0.6237
436/985 [============>.................] - ETA: 0s - loss: 0.6924 - acc: 0.6193
492/985 [=============>................] - ETA: 0s - loss: 0.6925 - acc: 0.6118
544/985 [===============>..............] - ETA: 0s - loss: 0.6924 - acc: 0.6176
596/985 [=================>............] - ETA: 0s - loss: 0.6925 - acc: 0.6107
652/985 [==================>...........] - ETA: 0s - loss: 0.6924 - acc: 0.6150
708/985 [====================>.........] - ETA: 0s - loss: 0.6924 - acc: 0.6201
764/985 [======================>.......] - ETA: 0s - loss: 0.6925 - acc: 0.6113
816/985 [=======================>......] - ETA: 0s - loss: 0.6925 - acc: 0.6078
872/985 [=========================>....] - ETA: 0s - loss: 0.6924 - acc: 0.6147
928/985 [===========================>..] - ETA: 0s - loss: 0.6925 - acc: 0.6099
984/985 [============================>.] - ETA: 0s - loss: 0.6924 - acc: 0.6108
985/985 [==============================] - 1s 982us/step - loss: 0.6925 - acc: 0.6102 - val_loss: 0.6922 - val_acc: 0.6364
Epoch 8/50

  4/985 [..............................] - ETA: 0s - loss: 0.6932 - acc: 0.5000
 60/985 [>.............................] - ETA: 0s - loss: 0.6927 - acc: 0.5667
112/985 [==>...........................] - ETA: 0s - loss: 0.6923 - acc: 0.6250
168/985 [====>.........................] - ETA: 0s - loss: 0.6922 - acc: 0.6310
220/985 [=====>........................] - ETA: 0s - loss: 0.6923 - acc: 0.6227
272/985 [=======>......................] - ETA: 0s - loss: 0.6923 - acc: 0.6250
328/985 [========>.....................] - ETA: 0s - loss: 0.6923 - acc: 0.6220
384/985 [==========>...................] - ETA: 0s - loss: 0.6923 - acc: 0.6172
440/985 [============>.................] - ETA: 0s - loss: 0.6924 - acc: 0.6091
492/985 [=============>................] - ETA: 0s - loss: 0.6923 - acc: 0.6159
544/985 [===============>..............] - ETA: 0s - loss: 0.6923 - acc: 0.6140
600/985 [=================>............] - ETA: 0s - loss: 0.6923 - acc: 0.6217
656/985 [==================>...........] - ETA: 0s - loss: 0.6923 - acc: 0.6174
708/985 [====================>.........] - ETA: 0s - loss: 0.6923 - acc: 0.6130
764/985 [======================>.......] - ETA: 0s - loss: 0.6923 - acc: 0.6126
816/985 [=======================>......] - ETA: 0s - loss: 0.6923 - acc: 0.6140
872/985 [=========================>....] - ETA: 0s - loss: 0.6924 - acc: 0.6078
924/985 [===========================>..] - ETA: 0s - loss: 0.6923 - acc: 0.6104
976/985 [============================>.] - ETA: 0s - loss: 0.6924 - acc: 0.6086
985/985 [==============================] - 1s 986us/step - loss: 0.6923 - acc: 0.6102 - val_loss: 0.6921 - val_acc: 0.6364
Epoch 9/50

  4/985 [..............................] - ETA: 0s - loss: 0.6912 - acc: 0.7500
 60/985 [>.............................] - ETA: 0s - loss: 0.6921 - acc: 0.6333
112/985 [==>...........................] - ETA: 0s - loss: 0.6922 - acc: 0.6161
164/985 [===>..........................] - ETA: 0s - loss: 0.6924 - acc: 0.5915
216/985 [=====>........................] - ETA: 0s - loss: 0.6925 - acc: 0.5880
272/985 [=======>......................] - ETA: 0s - loss: 0.6926 - acc: 0.5735
328/985 [========>.....................] - ETA: 0s - loss: 0.6926 - acc: 0.5640
384/985 [==========>...................] - ETA: 0s - loss: 0.6925 - acc: 0.5833
436/985 [============>.................] - ETA: 0s - loss: 0.6926 - acc: 0.5757
492/985 [=============>................] - ETA: 0s - loss: 0.6926 - acc: 0.5752
548/985 [===============>..............] - ETA: 0s - loss: 0.6926 - acc: 0.5730
600/985 [=================>............] - ETA: 0s - loss: 0.6925 - acc: 0.5767
652/985 [==================>...........] - ETA: 0s - loss: 0.6924 - acc: 0.5890
708/985 [====================>.........] - ETA: 0s - loss: 0.6924 - acc: 0.5960
764/985 [======================>.......] - ETA: 0s - loss: 0.6923 - acc: 0.6047
816/985 [=======================>......] - ETA: 0s - loss: 0.6923 - acc: 0.6078
868/985 [=========================>....] - ETA: 0s - loss: 0.6923 - acc: 0.6083
924/985 [===========================>..] - ETA: 0s - loss: 0.6923 - acc: 0.6082
980/985 [============================>.] - ETA: 0s - loss: 0.6922 - acc: 0.6102
985/985 [==============================] - 1s 985us/step - loss: 0.6922 - acc: 0.6102 - val_loss: 0.6920 - val_acc: 0.6364
Epoch 10/50

  4/985 [..............................] - ETA: 0s - loss: 0.6887 - acc: 1.0000
 60/985 [>.............................] - ETA: 0s - loss: 0.6920 - acc: 0.6333
112/985 [==>...........................] - ETA: 0s - loss: 0.6925 - acc: 0.5714
168/985 [====>.........................] - ETA: 0s - loss: 0.6923 - acc: 0.5952
220/985 [=====>........................] - ETA: 0s - loss: 0.6921 - acc: 0.6182
272/985 [=======>......................] - ETA: 0s - loss: 0.6922 - acc: 0.6066
324/985 [========>.....................] - ETA: 0s - loss: 0.6921 - acc: 0.6204
376/985 [==========>...................] - ETA: 0s - loss: 0.6920 - acc: 0.6277
432/985 [============>.................] - ETA: 0s - loss: 0.6920 - acc: 0.6250
484/985 [=============>................] - ETA: 0s - loss: 0.6921 - acc: 0.6198
536/985 [===============>..............] - ETA: 0s - loss: 0.6920 - acc: 0.6269
592/985 [=================>............] - ETA: 0s - loss: 0.6921 - acc: 0.6199
644/985 [==================>...........] - ETA: 0s - loss: 0.6921 - acc: 0.6102
700/985 [====================>.........] - ETA: 0s - loss: 0.6921 - acc: 0.6114
752/985 [=====================>........] - ETA: 0s - loss: 0.6921 - acc: 0.6157
808/985 [=======================>......] - ETA: 0s - loss: 0.6921 - acc: 0.6126
860/985 [=========================>....] - ETA: 0s - loss: 0.6921 - acc: 0.6128
912/985 [==========================>...] - ETA: 0s - loss: 0.6921 - acc: 0.6151
964/985 [============================>.] - ETA: 0s - loss: 0.6921 - acc: 0.6131
985/985 [==============================] - 1s 989us/step - loss: 0.6921 - acc: 0.6102 - val_loss: 0.6918 - val_acc: 0.6364
Epoch 11/50

  4/985 [..............................] - ETA: 0s - loss: 0.6907 - acc: 0.7500
 60/985 [>.............................] - ETA: 0s - loss: 0.6927 - acc: 0.5500
112/985 [==>...........................] - ETA: 0s - loss: 0.6921 - acc: 0.6071
164/985 [===>..........................] - ETA: 0s - loss: 0.6921 - acc: 0.6037
212/985 [=====>........................] - ETA: 0s - loss: 0.6923 - acc: 0.5896
260/985 [======>.......................] - ETA: 0s - loss: 0.6921 - acc: 0.6077
312/985 [========>.....................] - ETA: 0s - loss: 0.6920 - acc: 0.6186
364/985 [==========>...................] - ETA: 0s - loss: 0.6920 - acc: 0.6154
416/985 [===========>..................] - ETA: 0s - loss: 0.6920 - acc: 0.6130
468/985 [=============>................] - ETA: 0s - loss: 0.6921 - acc: 0.6047
516/985 [==============>...............] - ETA: 0s - loss: 0.6921 - acc: 0.6008
564/985 [================>.............] - ETA: 0s - loss: 0.6920 - acc: 0.6099
616/985 [=================>............] - ETA: 0s - loss: 0.6920 - acc: 0.6120
668/985 [===================>..........] - ETA: 0s - loss: 0.6920 - acc: 0.6108
720/985 [====================>.........] - ETA: 0s - loss: 0.6920 - acc: 0.6097
772/985 [======================>.......] - ETA: 0s - loss: 0.6920 - acc: 0.6114
828/985 [========================>.....] - ETA: 0s - loss: 0.6920 - acc: 0.6123
884/985 [=========================>....] - ETA: 0s - loss: 0.6920 - acc: 0.6143
936/985 [===========================>..] - ETA: 0s - loss: 0.6920 - acc: 0.6122
985/985 [==============================] - 1s 1ms/step - loss: 0.6920 - acc: 0.6102 - val_loss: 0.6917 - val_acc: 0.6364
Epoch 12/50

  4/985 [..............................] - ETA: 0s - loss: 0.6904 - acc: 0.7500
 60/985 [>.............................] - ETA: 0s - loss: 0.6923 - acc: 0.5833
116/985 [==>...........................] - ETA: 0s - loss: 0.6918 - acc: 0.6293
168/985 [====>.........................] - ETA: 0s - loss: 0.6917 - acc: 0.6369
224/985 [=====>........................] - ETA: 0s - loss: 0.6918 - acc: 0.6205
280/985 [=======>......................] - ETA: 0s - loss: 0.6918 - acc: 0.6214
332/985 [=========>....................] - ETA: 0s - loss: 0.6918 - acc: 0.6205
384/985 [==========>...................] - ETA: 0s - loss: 0.6918 - acc: 0.6276
436/985 [============>.................] - ETA: 0s - loss: 0.6919 - acc: 0.6147
492/985 [=============>................] - ETA: 0s - loss: 0.6920 - acc: 0.6077
548/985 [===============>..............] - ETA: 0s - loss: 0.6919 - acc: 0.6113
604/985 [=================>............] - ETA: 0s - loss: 0.6921 - acc: 0.5960
656/985 [==================>...........] - ETA: 0s - loss: 0.6921 - acc: 0.5930
708/985 [====================>.........] - ETA: 0s - loss: 0.6920 - acc: 0.6017
764/985 [======================>.......] - ETA: 0s - loss: 0.6920 - acc: 0.6073
816/985 [=======================>......] - ETA: 0s - loss: 0.6920 - acc: 0.6078
868/985 [=========================>....] - ETA: 0s - loss: 0.6920 - acc: 0.6060
924/985 [===========================>..] - ETA: 0s - loss: 0.6920 - acc: 0.6061
980/985 [============================>.] - ETA: 0s - loss: 0.6919 - acc: 0.6092
985/985 [==============================] - 1s 983us/step - loss: 0.6919 - acc: 0.6102 - val_loss: 0.6915 - val_acc: 0.6364
Epoch 13/50

  4/985 [..............................] - ETA: 0s - loss: 0.6902 - acc: 0.7500
 56/985 [>.............................] - ETA: 0s - loss: 0.6927 - acc: 0.5357
112/985 [==>...........................] - ETA: 0s - loss: 0.6924 - acc: 0.5625
168/985 [====>.........................] - ETA: 0s - loss: 0.6922 - acc: 0.5833
220/985 [=====>........................] - ETA: 0s - loss: 0.6918 - acc: 0.6182
272/985 [=======>......................] - ETA: 0s - loss: 0.6914 - acc: 0.6471
324/985 [========>.....................] - ETA: 0s - loss: 0.6914 - acc: 0.6451
376/985 [==========>...................] - ETA: 0s - loss: 0.6915 - acc: 0.6356
428/985 [============>.................] - ETA: 0s - loss: 0.6915 - acc: 0.6379
480/985 [=============>................] - ETA: 0s - loss: 0.6915 - acc: 0.6375
532/985 [===============>..............] - ETA: 0s - loss: 0.6915 - acc: 0.6353
588/985 [================>.............] - ETA: 0s - loss: 0.6916 - acc: 0.6293
644/985 [==================>...........] - ETA: 0s - loss: 0.6917 - acc: 0.6165
700/985 [====================>.........] - ETA: 0s - loss: 0.6917 - acc: 0.6200
752/985 [=====================>........] - ETA: 0s - loss: 0.6918 - acc: 0.6130
804/985 [=======================>......] - ETA: 0s - loss: 0.6917 - acc: 0.6169
860/985 [=========================>....] - ETA: 0s - loss: 0.6918 - acc: 0.6081
912/985 [==========================>...] - ETA: 0s - loss: 0.6918 - acc: 0.6075
964/985 [============================>.] - ETA: 0s - loss: 0.6918 - acc: 0.6110
985/985 [==============================] - 1s 987us/step - loss: 0.6918 - acc: 0.6102 - val_loss: 0.6914 - val_acc: 0.6364
Epoch 14/50

  4/985 [..............................] - ETA: 0s - loss: 0.6867 - acc: 1.0000
 60/985 [>.............................] - ETA: 0s - loss: 0.6908 - acc: 0.6833
116/985 [==>...........................] - ETA: 0s - loss: 0.6914 - acc: 0.6379
168/985 [====>.........................] - ETA: 0s - loss: 0.6916 - acc: 0.6190
220/985 [=====>........................] - ETA: 0s - loss: 0.6916 - acc: 0.6182
276/985 [=======>......................] - ETA: 0s - loss: 0.6914 - acc: 0.6341
328/985 [========>.....................] - ETA: 0s - loss: 0.6914 - acc: 0.6372
380/985 [==========>...................] - ETA: 0s - loss: 0.6916 - acc: 0.6211
432/985 [============>.................] - ETA: 0s - loss: 0.6915 - acc: 0.6250
484/985 [=============>................] - ETA: 0s - loss: 0.6915 - acc: 0.6302
540/985 [===============>..............] - ETA: 0s - loss: 0.6915 - acc: 0.6278
592/985 [=================>............] - ETA: 0s - loss: 0.6914 - acc: 0.6318
648/985 [==================>...........] - ETA: 0s - loss: 0.6915 - acc: 0.6281
700/985 [====================>.........] - ETA: 0s - loss: 0.6916 - acc: 0.6157
756/985 [======================>.......] - ETA: 0s - loss: 0.6916 - acc: 0.6151
808/985 [=======================>......] - ETA: 0s - loss: 0.6917 - acc: 0.6101
860/985 [=========================>....] - ETA: 0s - loss: 0.6918 - acc: 0.6058
916/985 [==========================>...] - ETA: 0s - loss: 0.6917 - acc: 0.6081
972/985 [============================>.] - ETA: 0s - loss: 0.6917 - acc: 0.6080
985/985 [==============================] - 1s 983us/step - loss: 0.6917 - acc: 0.6102 - val_loss: 0.6913 - val_acc: 0.6364
Epoch 15/50

  4/985 [..............................] - ETA: 0s - loss: 0.6966 - acc: 0.2500
 56/985 [>.............................] - ETA: 0s - loss: 0.6919 - acc: 0.5893
112/985 [==>...........................] - ETA: 0s - loss: 0.6923 - acc: 0.5625
168/985 [====>.........................] - ETA: 0s - loss: 0.6916 - acc: 0.6131
220/985 [=====>........................] - ETA: 0s - loss: 0.6915 - acc: 0.6227
272/985 [=======>......................] - ETA: 0s - loss: 0.6916 - acc: 0.6103
324/985 [========>.....................] - ETA: 0s - loss: 0.6914 - acc: 0.6296
380/985 [==========>...................] - ETA: 0s - loss: 0.6914 - acc: 0.6263
436/985 [============>.................] - ETA: 0s - loss: 0.6913 - acc: 0.6353
488/985 [=============>................] - ETA: 0s - loss: 0.6914 - acc: 0.6270
544/985 [===============>..............] - ETA: 0s - loss: 0.6913 - acc: 0.6342
600/985 [=================>............] - ETA: 0s - loss: 0.6914 - acc: 0.6267
656/985 [==================>...........] - ETA: 0s - loss: 0.6913 - acc: 0.6296
708/985 [====================>.........] - ETA: 0s - loss: 0.6914 - acc: 0.6271
764/985 [======================>.......] - ETA: 0s - loss: 0.6914 - acc: 0.6217
820/985 [=======================>......] - ETA: 0s - loss: 0.6914 - acc: 0.6220
876/985 [=========================>....] - ETA: 0s - loss: 0.6915 - acc: 0.6199
932/985 [===========================>..] - ETA: 0s - loss: 0.6915 - acc: 0.6148
985/985 [==============================] - 1s 985us/step - loss: 0.6916 - acc: 0.6102 - val_loss: 0.6911 - val_acc: 0.6364
Epoch 16/50

  4/985 [..............................] - ETA: 0s - loss: 0.6969 - acc: 0.2500
 60/985 [>.............................] - ETA: 0s - loss: 0.6924 - acc: 0.5500
112/985 [==>...........................] - ETA: 0s - loss: 0.6933 - acc: 0.4911
164/985 [===>..........................] - ETA: 0s - loss: 0.6926 - acc: 0.5366
220/985 [=====>........................] - ETA: 0s - loss: 0.6923 - acc: 0.5591
276/985 [=======>......................] - ETA: 0s - loss: 0.6917 - acc: 0.5978
328/985 [========>.....................] - ETA: 0s - loss: 0.6913 - acc: 0.6220
380/985 [==========>...................] - ETA: 0s - loss: 0.6912 - acc: 0.6316
432/985 [============>.................] - ETA: 0s - loss: 0.6912 - acc: 0.6343
488/985 [=============>................] - ETA: 0s - loss: 0.6911 - acc: 0.6393
544/985 [===============>..............] - ETA: 0s - loss: 0.6914 - acc: 0.6158
600/985 [=================>............] - ETA: 0s - loss: 0.6915 - acc: 0.6100
652/985 [==================>...........] - ETA: 0s - loss: 0.6915 - acc: 0.6089
708/985 [====================>.........] - ETA: 0s - loss: 0.6915 - acc: 0.6102
760/985 [======================>.......] - ETA: 0s - loss: 0.6915 - acc: 0.6079
812/985 [=======================>......] - ETA: 0s - loss: 0.6916 - acc: 0.6010
868/985 [=========================>....] - ETA: 0s - loss: 0.6916 - acc: 0.6060
924/985 [===========================>..] - ETA: 0s - loss: 0.6914 - acc: 0.6136
980/985 [============================>.] - ETA: 0s - loss: 0.6915 - acc: 0.6102
985/985 [==============================] - 1s 985us/step - loss: 0.6915 - acc: 0.6102 - val_loss: 0.6910 - val_acc: 0.6364
Epoch 17/50

  4/985 [..............................] - ETA: 0s - loss: 0.6932 - acc: 0.5000
 56/985 [>.............................] - ETA: 0s - loss: 0.6901 - acc: 0.6964
112/985 [==>...........................] - ETA: 0s - loss: 0.6913 - acc: 0.6161
164/985 [===>..........................] - ETA: 0s - loss: 0.6909 - acc: 0.6402
220/985 [=====>........................] - ETA: 0s - loss: 0.6914 - acc: 0.6136
272/985 [=======>......................] - ETA: 0s - loss: 0.6914 - acc: 0.6140
324/985 [========>.....................] - ETA: 0s - loss: 0.6915 - acc: 0.6049
376/985 [==========>...................] - ETA: 0s - loss: 0.6916 - acc: 0.6011
432/985 [============>.................] - ETA: 0s - loss: 0.6915 - acc: 0.6019
484/985 [=============>................] - ETA: 0s - loss: 0.6915 - acc: 0.6054
540/985 [===============>..............] - ETA: 0s - loss: 0.6916 - acc: 0.6000
596/985 [=================>............] - ETA: 0s - loss: 0.6914 - acc: 0.6107
652/985 [==================>...........] - ETA: 0s - loss: 0.6914 - acc: 0.6104
708/985 [====================>.........] - ETA: 0s - loss: 0.6915 - acc: 0.6045
764/985 [======================>.......] - ETA: 0s - loss: 0.6914 - acc: 0.6099
820/985 [=======================>......] - ETA: 0s - loss: 0.6915 - acc: 0.6061
876/985 [=========================>....] - ETA: 0s - loss: 0.6914 - acc: 0.6073
932/985 [===========================>..] - ETA: 0s - loss: 0.6915 - acc: 0.6062
984/985 [============================>.] - ETA: 0s - loss: 0.6914 - acc: 0.6098
985/985 [==============================] - 1s 978us/step - loss: 0.6914 - acc: 0.6102 - val_loss: 0.6909 - val_acc: 0.6364
Epoch 18/50

  4/985 [..............................] - ETA: 0s - loss: 0.6932 - acc: 0.5000
 60/985 [>.............................] - ETA: 0s - loss: 0.6909 - acc: 0.6333
116/985 [==>...........................] - ETA: 0s - loss: 0.6913 - acc: 0.6121
168/985 [====>.........................] - ETA: 0s - loss: 0.6917 - acc: 0.5893
220/985 [=====>........................] - ETA: 0s - loss: 0.6916 - acc: 0.5955
276/985 [=======>......................] - ETA: 0s - loss: 0.6913 - acc: 0.6087
332/985 [=========>....................] - ETA: 0s - loss: 0.6912 - acc: 0.6175
388/985 [==========>...................] - ETA: 0s - loss: 0.6915 - acc: 0.5979
440/985 [============>.................] - ETA: 0s - loss: 0.6914 - acc: 0.6045
496/985 [==============>...............] - ETA: 0s - loss: 0.6914 - acc: 0.6028
548/985 [===============>..............] - ETA: 0s - loss: 0.6914 - acc: 0.6022
604/985 [=================>............] - ETA: 0s - loss: 0.6913 - acc: 0.6093
656/985 [==================>...........] - ETA: 0s - loss: 0.6913 - acc: 0.6113
712/985 [====================>.........] - ETA: 0s - loss: 0.6913 - acc: 0.6081
768/985 [======================>.......] - ETA: 0s - loss: 0.6913 - acc: 0.6107
824/985 [========================>.....] - ETA: 0s - loss: 0.6913 - acc: 0.6104
876/985 [=========================>....] - ETA: 0s - loss: 0.6913 - acc: 0.6119
932/985 [===========================>..] - ETA: 0s - loss: 0.6912 - acc: 0.6148
985/985 [==============================] - 1s 979us/step - loss: 0.6913 - acc: 0.6102 - val_loss: 0.6908 - val_acc: 0.6364
Epoch 19/50

  4/985 [..............................] - ETA: 0s - loss: 0.6932 - acc: 0.5000
 56/985 [>.............................] - ETA: 0s - loss: 0.6919 - acc: 0.5714
108/985 [==>...........................] - ETA: 0s - loss: 0.6909 - acc: 0.6296
160/985 [===>..........................] - ETA: 0s - loss: 0.6905 - acc: 0.6500
216/985 [=====>........................] - ETA: 0s - loss: 0.6909 - acc: 0.6296
272/985 [=======>......................] - ETA: 0s - loss: 0.6909 - acc: 0.6250
324/985 [========>.....................] - ETA: 0s - loss: 0.6914 - acc: 0.6019
376/985 [==========>...................] - ETA: 0s - loss: 0.6916 - acc: 0.5904
424/985 [===========>..................] - ETA: 0s - loss: 0.6917 - acc: 0.5802
476/985 [=============>................] - ETA: 0s - loss: 0.6914 - acc: 0.5966
524/985 [==============>...............] - ETA: 0s - loss: 0.6915 - acc: 0.5916
572/985 [================>.............] - ETA: 0s - loss: 0.6916 - acc: 0.5892
624/985 [==================>...........] - ETA: 0s - loss: 0.6913 - acc: 0.6042
672/985 [===================>..........] - ETA: 0s - loss: 0.6913 - acc: 0.6057
724/985 [=====================>........] - ETA: 0s - loss: 0.6912 - acc: 0.6105
772/985 [======================>.......] - ETA: 0s - loss: 0.6911 - acc: 0.6166
824/985 [========================>.....] - ETA: 0s - loss: 0.6912 - acc: 0.6117
876/985 [=========================>....] - ETA: 0s - loss: 0.6912 - acc: 0.6107
928/985 [===========================>..] - ETA: 0s - loss: 0.6912 - acc: 0.6078
984/985 [============================>.] - ETA: 0s - loss: 0.6912 - acc: 0.6098
985/985 [==============================] - 1s 1ms/step - loss: 0.6912 - acc: 0.6102 - val_loss: 0.6906 - val_acc: 0.6364
Epoch 20/50

  4/985 [..............................] - ETA: 0s - loss: 0.6932 - acc: 0.5000
 56/985 [>.............................] - ETA: 0s - loss: 0.6905 - acc: 0.6429
108/985 [==>...........................] - ETA: 0s - loss: 0.6914 - acc: 0.5926
160/985 [===>..........................] - ETA: 0s - loss: 0.6921 - acc: 0.5563
216/985 [=====>........................] - ETA: 0s - loss: 0.6921 - acc: 0.5602
272/985 [=======>......................] - ETA: 0s - loss: 0.6920 - acc: 0.5625
328/985 [========>.....................] - ETA: 0s - loss: 0.6916 - acc: 0.5854
380/985 [==========>...................] - ETA: 0s - loss: 0.6914 - acc: 0.5921
432/985 [============>.................] - ETA: 0s - loss: 0.6914 - acc: 0.5926
488/985 [=============>................] - ETA: 0s - loss: 0.6914 - acc: 0.5943
544/985 [===============>..............] - ETA: 0s - loss: 0.6913 - acc: 0.6011
596/985 [=================>............] - ETA: 0s - loss: 0.6912 - acc: 0.6040
652/985 [==================>...........] - ETA: 0s - loss: 0.6912 - acc: 0.6043
708/985 [====================>.........] - ETA: 0s - loss: 0.6911 - acc: 0.6073
760/985 [======================>.......] - ETA: 0s - loss: 0.6913 - acc: 0.6000
812/985 [=======================>......] - ETA: 0s - loss: 0.6913 - acc: 0.5985
868/985 [=========================>....] - ETA: 0s - loss: 0.6913 - acc: 0.6002
924/985 [===========================>..] - ETA: 0s - loss: 0.6913 - acc: 0.5996
976/985 [============================>.] - ETA: 0s - loss: 0.6911 - acc: 0.6107
985/985 [==============================] - 1s 981us/step - loss: 0.6911 - acc: 0.6102 - val_loss: 0.6905 - val_acc: 0.6364
Epoch 21/50

  4/985 [..............................] - ETA: 0s - loss: 0.6932 - acc: 0.5000
 60/985 [>.............................] - ETA: 0s - loss: 0.6915 - acc: 0.5833
116/985 [==>...........................] - ETA: 0s - loss: 0.6917 - acc: 0.5776
172/985 [====>.........................] - ETA: 0s - loss: 0.6909 - acc: 0.6163
224/985 [=====>........................] - ETA: 0s - loss: 0.6910 - acc: 0.6116
276/985 [=======>......................] - ETA: 0s - loss: 0.6912 - acc: 0.5978
332/985 [=========>....................] - ETA: 0s - loss: 0.6912 - acc: 0.6024
388/985 [==========>...................] - ETA: 0s - loss: 0.6911 - acc: 0.6057
444/985 [============>.................] - ETA: 0s - loss: 0.6910 - acc: 0.6104
496/985 [==============>...............] - ETA: 0s - loss: 0.6909 - acc: 0.6129
548/985 [===============>..............] - ETA: 0s - loss: 0.6909 - acc: 0.6131
604/985 [=================>............] - ETA: 0s - loss: 0.6909 - acc: 0.6142
660/985 [===================>..........] - ETA: 0s - loss: 0.6909 - acc: 0.6152
712/985 [====================>.........] - ETA: 0s - loss: 0.6908 - acc: 0.6166
764/985 [======================>.......] - ETA: 0s - loss: 0.6908 - acc: 0.6191
820/985 [=======================>......] - ETA: 0s - loss: 0.6909 - acc: 0.6146
876/985 [=========================>....] - ETA: 0s - loss: 0.6909 - acc: 0.6153
932/985 [===========================>..] - ETA: 0s - loss: 0.6908 - acc: 0.6170
985/985 [==============================] - 1s 980us/step - loss: 0.6910 - acc: 0.6102 - val_loss: 0.6904 - val_acc: 0.6364
Epoch 22/50

  4/985 [..............................] - ETA: 0s - loss: 0.6880 - acc: 0.7500
 60/985 [>.............................] - ETA: 0s - loss: 0.6915 - acc: 0.5833
112/985 [==>...........................] - ETA: 0s - loss: 0.6908 - acc: 0.6161
164/985 [===>..........................] - ETA: 0s - loss: 0.6913 - acc: 0.5915
216/985 [=====>........................] - ETA: 0s - loss: 0.6907 - acc: 0.6204
272/985 [=======>......................] - ETA: 0s - loss: 0.6907 - acc: 0.6176
328/985 [========>.....................] - ETA: 0s - loss: 0.6908 - acc: 0.6159
384/985 [==========>...................] - ETA: 0s - loss: 0.6906 - acc: 0.6250
436/985 [============>.................] - ETA: 0s - loss: 0.6907 - acc: 0.6170
492/985 [=============>................] - ETA: 0s - loss: 0.6908 - acc: 0.6138
548/985 [===============>..............] - ETA: 0s - loss: 0.6909 - acc: 0.6095
600/985 [=================>............] - ETA: 0s - loss: 0.6910 - acc: 0.6033
652/985 [==================>...........] - ETA: 0s - loss: 0.6910 - acc: 0.6028
708/985 [====================>.........] - ETA: 0s - loss: 0.6910 - acc: 0.6045
760/985 [======================>.......] - ETA: 0s - loss: 0.6910 - acc: 0.6039
812/985 [=======================>......] - ETA: 0s - loss: 0.6911 - acc: 0.5985
864/985 [=========================>....] - ETA: 0s - loss: 0.6909 - acc: 0.6065
920/985 [===========================>..] - ETA: 0s - loss: 0.6909 - acc: 0.6109
976/985 [============================>.] - ETA: 0s - loss: 0.6908 - acc: 0.6117
985/985 [==============================] - 1s 977us/step - loss: 0.6909 - acc: 0.6102 - val_loss: 0.6902 - val_acc: 0.6364
Epoch 23/50

  4/985 [..............................] - ETA: 0s - loss: 0.6878 - acc: 0.7500
 56/985 [>.............................] - ETA: 0s - loss: 0.6909 - acc: 0.6071
112/985 [==>...........................] - ETA: 0s - loss: 0.6907 - acc: 0.6161
168/985 [====>.........................] - ETA: 0s - loss: 0.6910 - acc: 0.6012
220/985 [=====>........................] - ETA: 0s - loss: 0.6903 - acc: 0.6318
272/985 [=======>......................] - ETA: 0s - loss: 0.6901 - acc: 0.6397
324/985 [========>.....................] - ETA: 0s - loss: 0.6904 - acc: 0.6296
380/985 [==========>...................] - ETA: 0s - loss: 0.6906 - acc: 0.6184
436/985 [============>.................] - ETA: 0s - loss: 0.6909 - acc: 0.6055
488/985 [=============>................] - ETA: 0s - loss: 0.6912 - acc: 0.5922
540/985 [===============>..............] - ETA: 0s - loss: 0.6911 - acc: 0.5944
592/985 [=================>............] - ETA: 0s - loss: 0.6910 - acc: 0.6014
648/985 [==================>...........] - ETA: 0s - loss: 0.6908 - acc: 0.6096
700/985 [====================>.........] - ETA: 0s - loss: 0.6908 - acc: 0.6100
752/985 [=====================>........] - ETA: 0s - loss: 0.6909 - acc: 0.6064
808/985 [=======================>......] - ETA: 0s - loss: 0.6909 - acc: 0.6052
864/985 [=========================>....] - ETA: 0s - loss: 0.6909 - acc: 0.6042
920/985 [===========================>..] - ETA: 0s - loss: 0.6909 - acc: 0.6054
972/985 [============================>.] - ETA: 0s - loss: 0.6908 - acc: 0.6101
985/985 [==============================] - 1s 983us/step - loss: 0.6908 - acc: 0.6102 - val_loss: 0.6901 - val_acc: 0.6364
Epoch 24/50

  4/985 [..............................] - ETA: 0s - loss: 0.6932 - acc: 0.5000
 60/985 [>.............................] - ETA: 0s - loss: 0.6906 - acc: 0.6167
112/985 [==>...........................] - ETA: 0s - loss: 0.6914 - acc: 0.5804
164/985 [===>..........................] - ETA: 0s - loss: 0.6903 - acc: 0.6280
220/985 [=====>........................] - ETA: 0s - loss: 0.6907 - acc: 0.6091
272/985 [=======>......................] - ETA: 0s - loss: 0.6907 - acc: 0.6103
328/985 [========>.....................] - ETA: 0s - loss: 0.6906 - acc: 0.6128
384/985 [==========>...................] - ETA: 0s - loss: 0.6910 - acc: 0.5964
436/985 [============>.................] - ETA: 0s - loss: 0.6909 - acc: 0.5986
492/985 [=============>................] - ETA: 0s - loss: 0.6910 - acc: 0.5955
548/985 [===============>..............] - ETA: 0s - loss: 0.6911 - acc: 0.5931
604/985 [=================>............] - ETA: 0s - loss: 0.6911 - acc: 0.5927
656/985 [==================>...........] - ETA: 0s - loss: 0.6911 - acc: 0.5915
708/985 [====================>.........] - ETA: 0s - loss: 0.6910 - acc: 0.5960
760/985 [======================>.......] - ETA: 0s - loss: 0.6907 - acc: 0.6066
812/985 [=======================>......] - ETA: 0s - loss: 0.6910 - acc: 0.5948
864/985 [=========================>....] - ETA: 0s - loss: 0.6908 - acc: 0.6053
920/985 [===========================>..] - ETA: 0s - loss: 0.6907 - acc: 0.6076
976/985 [============================>.] - ETA: 0s - loss: 0.6907 - acc: 0.6086
985/985 [==============================] - 1s 983us/step - loss: 0.6907 - acc: 0.6102 - val_loss: 0.6900 - val_acc: 0.6364
Epoch 25/50

  4/985 [..............................] - ETA: 0s - loss: 0.6873 - acc: 0.7500
 60/985 [>.............................] - ETA: 0s - loss: 0.6897 - acc: 0.6500
116/985 [==>...........................] - ETA: 0s - loss: 0.6897 - acc: 0.6466
172/985 [====>.........................] - ETA: 0s - loss: 0.6913 - acc: 0.5814
224/985 [=====>........................] - ETA: 0s - loss: 0.6903 - acc: 0.6205
276/985 [=======>......................] - ETA: 0s - loss: 0.6903 - acc: 0.6232
328/985 [========>.....................] - ETA: 0s - loss: 0.6907 - acc: 0.6037
384/985 [==========>...................] - ETA: 0s - loss: 0.6907 - acc: 0.6042
440/985 [============>.................] - ETA: 0s - loss: 0.6907 - acc: 0.6068
492/985 [=============>................] - ETA: 0s - loss: 0.6904 - acc: 0.6179
544/985 [===============>..............] - ETA: 0s - loss: 0.6904 - acc: 0.6158
600/985 [=================>............] - ETA: 0s - loss: 0.6903 - acc: 0.6200
656/985 [==================>...........] - ETA: 0s - loss: 0.6904 - acc: 0.6174
712/985 [====================>.........] - ETA: 0s - loss: 0.6905 - acc: 0.6138
768/985 [======================>.......] - ETA: 0s - loss: 0.6904 - acc: 0.6185
824/985 [========================>.....] - ETA: 0s - loss: 0.6903 - acc: 0.6189
880/985 [=========================>....] - ETA: 0s - loss: 0.6904 - acc: 0.6170
932/985 [===========================>..] - ETA: 0s - loss: 0.6904 - acc: 0.6170
984/985 [============================>.] - ETA: 0s - loss: 0.6906 - acc: 0.6098
985/985 [==============================] - 1s 979us/step - loss: 0.6906 - acc: 0.6102 - val_loss: 0.6898 - val_acc: 0.6364
Epoch 26/50

  4/985 [..............................] - ETA: 0s - loss: 0.6870 - acc: 0.7500
 60/985 [>.............................] - ETA: 0s - loss: 0.6899 - acc: 0.6333
112/985 [==>...........................] - ETA: 0s - loss: 0.6903 - acc: 0.6161
164/985 [===>..........................] - ETA: 0s - loss: 0.6913 - acc: 0.5793
220/985 [=====>........................] - ETA: 0s - loss: 0.6911 - acc: 0.5864
276/985 [=======>......................] - ETA: 0s - loss: 0.6909 - acc: 0.5942
332/985 [=========>....................] - ETA: 0s - loss: 0.6908 - acc: 0.5994
384/985 [==========>...................] - ETA: 0s - loss: 0.6907 - acc: 0.6016
440/985 [============>.................] - ETA: 0s - loss: 0.6905 - acc: 0.6091
496/985 [==============>...............] - ETA: 0s - loss: 0.6904 - acc: 0.6149
552/985 [===============>..............] - ETA: 0s - loss: 0.6903 - acc: 0.6159
604/985 [=================>............] - ETA: 0s - loss: 0.6904 - acc: 0.6142
656/985 [==================>...........] - ETA: 0s - loss: 0.6904 - acc: 0.6113
712/985 [====================>.........] - ETA: 0s - loss: 0.6902 - acc: 0.6194
768/985 [======================>.......] - ETA: 0s - loss: 0.6903 - acc: 0.6146
820/985 [=======================>......] - ETA: 0s - loss: 0.6903 - acc: 0.6171
872/985 [=========================>....] - ETA: 0s - loss: 0.6903 - acc: 0.6158
928/985 [===========================>..] - ETA: 0s - loss: 0.6904 - acc: 0.6110
980/985 [============================>.] - ETA: 0s - loss: 0.6905 - acc: 0.6092
985/985 [==============================] - 1s 982us/step - loss: 0.6904 - acc: 0.6102 - val_loss: 0.6897 - val_acc: 0.6364
Epoch 27/50

  4/985 [..............................] - ETA: 0s - loss: 0.6868 - acc: 0.7500
 60/985 [>.............................] - ETA: 0s - loss: 0.6907 - acc: 0.6000
116/985 [==>...........................] - ETA: 0s - loss: 0.6921 - acc: 0.5431
168/985 [====>.........................] - ETA: 0s - loss: 0.6917 - acc: 0.5595
224/985 [=====>........................] - ETA: 0s - loss: 0.6915 - acc: 0.5670
276/985 [=======>......................] - ETA: 0s - loss: 0.6912 - acc: 0.5797
332/985 [=========>....................] - ETA: 0s - loss: 0.6911 - acc: 0.5813
388/985 [==========>...................] - ETA: 0s - loss: 0.6912 - acc: 0.5799
444/985 [============>.................] - ETA: 0s - loss: 0.6910 - acc: 0.5878
496/985 [==============>...............] - ETA: 0s - loss: 0.6911 - acc: 0.5827
552/985 [===============>..............] - ETA: 0s - loss: 0.6907 - acc: 0.5978
608/985 [=================>............] - ETA: 0s - loss: 0.6904 - acc: 0.6069
660/985 [===================>..........] - ETA: 0s - loss: 0.6905 - acc: 0.6061
700/985 [====================>.........] - ETA: 0s - loss: 0.6903 - acc: 0.6143
736/985 [=====================>........] - ETA: 0s - loss: 0.6903 - acc: 0.6141
780/985 [======================>.......] - ETA: 0s - loss: 0.6905 - acc: 0.6064
828/985 [========================>.....] - ETA: 0s - loss: 0.6905 - acc: 0.6051
872/985 [=========================>....] - ETA: 0s - loss: 0.6904 - acc: 0.6078
920/985 [===========================>..] - ETA: 0s - loss: 0.6904 - acc: 0.6076
968/985 [============================>.] - ETA: 0s - loss: 0.6905 - acc: 0.6054
985/985 [==============================] - 1s 1ms/step - loss: 0.6903 - acc: 0.6102 - val_loss: 0.6896 - val_acc: 0.6364
Epoch 28/50

  4/985 [..............................] - ETA: 0s - loss: 0.6932 - acc: 0.5000
 56/985 [>.............................] - ETA: 0s - loss: 0.6899 - acc: 0.6250
108/985 [==>...........................] - ETA: 0s - loss: 0.6888 - acc: 0.6667
160/985 [===>..........................] - ETA: 0s - loss: 0.6890 - acc: 0.6562
212/985 [=====>........................] - ETA: 0s - loss: 0.6897 - acc: 0.6321
264/985 [=======>......................] - ETA: 0s - loss: 0.6899 - acc: 0.6250
316/985 [========>.....................] - ETA: 0s - loss: 0.6899 - acc: 0.6234
364/985 [==========>...................] - ETA: 0s - loss: 0.6902 - acc: 0.6126
416/985 [===========>..................] - ETA: 0s - loss: 0.6905 - acc: 0.6010
468/985 [=============>................] - ETA: 0s - loss: 0.6902 - acc: 0.6132
520/985 [==============>...............] - ETA: 0s - loss: 0.6903 - acc: 0.6096
572/985 [================>.............] - ETA: 0s - loss: 0.6902 - acc: 0.6136
624/985 [==================>...........] - ETA: 0s - loss: 0.6904 - acc: 0.6058
676/985 [===================>..........] - ETA: 0s - loss: 0.6906 - acc: 0.5962
728/985 [=====================>........] - ETA: 0s - loss: 0.6905 - acc: 0.6016
780/985 [======================>.......] - ETA: 0s - loss: 0.6903 - acc: 0.6090
832/985 [========================>.....] - ETA: 0s - loss: 0.6904 - acc: 0.6034
884/985 [=========================>....] - ETA: 0s - loss: 0.6903 - acc: 0.6086
936/985 [===========================>..] - ETA: 0s - loss: 0.6902 - acc: 0.6132
985/985 [==============================] - 1s 1ms/step - loss: 0.6902 - acc: 0.6102 - val_loss: 0.6895 - val_acc: 0.6364
Epoch 29/50

  4/985 [..............................] - ETA: 0s - loss: 0.6863 - acc: 0.7500
 56/985 [>.............................] - ETA: 0s - loss: 0.6883 - acc: 0.6786
104/985 [==>...........................] - ETA: 0s - loss: 0.6882 - acc: 0.6827
156/985 [===>..........................] - ETA: 0s - loss: 0.6891 - acc: 0.6474
208/985 [=====>........................] - ETA: 0s - loss: 0.6891 - acc: 0.6490
260/985 [======>.......................] - ETA: 0s - loss: 0.6895 - acc: 0.6346
312/985 [========>.....................] - ETA: 0s - loss: 0.6899 - acc: 0.6186
364/985 [==========>...................] - ETA: 0s - loss: 0.6899 - acc: 0.6181
416/985 [===========>..................] - ETA: 0s - loss: 0.6898 - acc: 0.6226
468/985 [=============>................] - ETA: 0s - loss: 0.6901 - acc: 0.6132
520/985 [==============>...............] - ETA: 0s - loss: 0.6899 - acc: 0.6212
572/985 [================>.............] - ETA: 0s - loss: 0.6899 - acc: 0.6206
624/985 [==================>...........] - ETA: 0s - loss: 0.6897 - acc: 0.6250
676/985 [===================>..........] - ETA: 0s - loss: 0.6898 - acc: 0.6213
728/985 [=====================>........] - ETA: 0s - loss: 0.6901 - acc: 0.6126
780/985 [======================>.......] - ETA: 0s - loss: 0.6900 - acc: 0.6167
832/985 [========================>.....] - ETA: 0s - loss: 0.6900 - acc: 0.6142
884/985 [=========================>....] - ETA: 0s - loss: 0.6901 - acc: 0.6131
936/985 [===========================>..] - ETA: 0s - loss: 0.6900 - acc: 0.6154
985/985 [==============================] - 1s 1ms/step - loss: 0.6901 - acc: 0.6102 - val_loss: 0.6893 - val_acc: 0.6364
Epoch 30/50

  4/985 [..............................] - ETA: 0s - loss: 0.6933 - acc: 0.5000
 56/985 [>.............................] - ETA: 0s - loss: 0.6917 - acc: 0.5536
108/985 [==>...........................] - ETA: 0s - loss: 0.6911 - acc: 0.5741
160/985 [===>..........................] - ETA: 0s - loss: 0.6904 - acc: 0.6000
212/985 [=====>........................] - ETA: 0s - loss: 0.6893 - acc: 0.6368
264/985 [=======>......................] - ETA: 0s - loss: 0.6892 - acc: 0.6402
316/985 [========>.....................] - ETA: 0s - loss: 0.6890 - acc: 0.6487
368/985 [==========>...................] - ETA: 0s - loss: 0.6890 - acc: 0.6467
420/985 [===========>..................] - ETA: 0s - loss: 0.6888 - acc: 0.6548
472/985 [=============>................] - ETA: 0s - loss: 0.6889 - acc: 0.6504
524/985 [==============>...............] - ETA: 0s - loss: 0.6895 - acc: 0.6298
576/985 [================>.............] - ETA: 0s - loss: 0.6896 - acc: 0.6267
628/985 [==================>...........] - ETA: 0s - loss: 0.6897 - acc: 0.6226
680/985 [===================>..........] - ETA: 0s - loss: 0.6897 - acc: 0.6206
732/985 [=====================>........] - ETA: 0s - loss: 0.6898 - acc: 0.6202
784/985 [======================>.......] - ETA: 0s - loss: 0.6898 - acc: 0.6186
836/985 [========================>.....] - ETA: 0s - loss: 0.6899 - acc: 0.6148
888/985 [==========================>...] - ETA: 0s - loss: 0.6900 - acc: 0.6115
940/985 [===========================>..] - ETA: 0s - loss: 0.6900 - acc: 0.6128
985/985 [==============================] - 1s 1ms/step - loss: 0.6900 - acc: 0.6102 - val_loss: 0.6892 - val_acc: 0.6364
Epoch 31/50

  4/985 [..............................] - ETA: 0s - loss: 0.6933 - acc: 0.5000
 56/985 [>.............................] - ETA: 0s - loss: 0.6901 - acc: 0.6071
108/985 [==>...........................] - ETA: 0s - loss: 0.6905 - acc: 0.5926
160/985 [===>..........................] - ETA: 0s - loss: 0.6897 - acc: 0.6188
212/985 [=====>........................] - ETA: 0s - loss: 0.6900 - acc: 0.6085
264/985 [=======>......................] - ETA: 0s - loss: 0.6898 - acc: 0.6174
320/985 [========>.....................] - ETA: 0s - loss: 0.6899 - acc: 0.6125
372/985 [==========>...................] - ETA: 0s - loss: 0.6895 - acc: 0.6263
424/985 [===========>..................] - ETA: 0s - loss: 0.6893 - acc: 0.6321
476/985 [=============>................] - ETA: 0s - loss: 0.6891 - acc: 0.6387
528/985 [===============>..............] - ETA: 0s - loss: 0.6895 - acc: 0.6250
580/985 [================>.............] - ETA: 0s - loss: 0.6894 - acc: 0.6276
632/985 [==================>...........] - ETA: 0s - loss: 0.6899 - acc: 0.6123
684/985 [===================>..........] - ETA: 0s - loss: 0.6900 - acc: 0.6096
736/985 [=====================>........] - ETA: 0s - loss: 0.6899 - acc: 0.6128
788/985 [=======================>......] - ETA: 0s - loss: 0.6901 - acc: 0.6041
840/985 [========================>.....] - ETA: 0s - loss: 0.6900 - acc: 0.6083
892/985 [==========================>...] - ETA: 0s - loss: 0.6900 - acc: 0.6099
944/985 [===========================>..] - ETA: 0s - loss: 0.6899 - acc: 0.6123
985/985 [==============================] - 1s 1ms/step - loss: 0.6899 - acc: 0.6102 - val_loss: 0.6891 - val_acc: 0.6364
Epoch 32/50

  4/985 [..............................] - ETA: 0s - loss: 0.6933 - acc: 0.5000
 56/985 [>.............................] - ETA: 0s - loss: 0.6867 - acc: 0.7143
112/985 [==>...........................] - ETA: 0s - loss: 0.6881 - acc: 0.6696
164/985 [===>..........................] - ETA: 0s - loss: 0.6895 - acc: 0.6220
216/985 [=====>........................] - ETA: 0s - loss: 0.6890 - acc: 0.6389
268/985 [=======>......................] - ETA: 0s - loss: 0.6891 - acc: 0.6343
320/985 [========>.....................] - ETA: 0s - loss: 0.6895 - acc: 0.6219
372/985 [==========>...................] - ETA: 0s - loss: 0.6900 - acc: 0.6048
424/985 [===========>..................] - ETA: 0s - loss: 0.6898 - acc: 0.6108
476/985 [=============>................] - ETA: 0s - loss: 0.6898 - acc: 0.6113
528/985 [===============>..............] - ETA: 0s - loss: 0.6895 - acc: 0.6212
580/985 [================>.............] - ETA: 0s - loss: 0.6900 - acc: 0.6069
632/985 [==================>...........] - ETA: 0s - loss: 0.6898 - acc: 0.6108
684/985 [===================>..........] - ETA: 0s - loss: 0.6898 - acc: 0.6126
736/985 [=====================>........] - ETA: 0s - loss: 0.6901 - acc: 0.6019
788/985 [=======================>......] - ETA: 0s - loss: 0.6899 - acc: 0.6091
840/985 [========================>.....] - ETA: 0s - loss: 0.6900 - acc: 0.6048
892/985 [==========================>...] - ETA: 0s - loss: 0.6899 - acc: 0.6087
944/985 [===========================>..] - ETA: 0s - loss: 0.6898 - acc: 0.6102
985/985 [==============================] - 1s 1ms/step - loss: 0.6898 - acc: 0.6102 - val_loss: 0.6890 - val_acc: 0.6364
Epoch 33/50

  4/985 [..............................] - ETA: 1s - loss: 0.6933 - acc: 0.5000
 56/985 [>.............................] - ETA: 0s - loss: 0.6921 - acc: 0.5357
108/985 [==>...........................] - ETA: 0s - loss: 0.6924 - acc: 0.5278
160/985 [===>..........................] - ETA: 0s - loss: 0.6929 - acc: 0.5125
212/985 [=====>........................] - ETA: 0s - loss: 0.6921 - acc: 0.5377
264/985 [=======>......................] - ETA: 0s - loss: 0.6917 - acc: 0.5492
316/985 [========>.....................] - ETA: 0s - loss: 0.6909 - acc: 0.5759
368/985 [==========>...................] - ETA: 0s - loss: 0.6909 - acc: 0.5761
420/985 [===========>..................] - ETA: 0s - loss: 0.6906 - acc: 0.5833
472/985 [=============>................] - ETA: 0s - loss: 0.6902 - acc: 0.5953
524/985 [==============>...............] - ETA: 0s - loss: 0.6904 - acc: 0.5916
576/985 [================>.............] - ETA: 0s - loss: 0.6902 - acc: 0.5955
632/985 [==================>...........] - ETA: 0s - loss: 0.6898 - acc: 0.6092
684/985 [===================>..........] - ETA: 0s - loss: 0.6900 - acc: 0.6023
736/985 [=====================>........] - ETA: 0s - loss: 0.6902 - acc: 0.5951
788/985 [=======================>......] - ETA: 0s - loss: 0.6901 - acc: 0.6003
840/985 [========================>.....] - ETA: 0s - loss: 0.6900 - acc: 0.6036
892/985 [==========================>...] - ETA: 0s - loss: 0.6899 - acc: 0.6065
944/985 [===========================>..] - ETA: 0s - loss: 0.6898 - acc: 0.6081
985/985 [==============================] - 1s 1ms/step - loss: 0.6897 - acc: 0.6102 - val_loss: 0.6888 - val_acc: 0.6364
Epoch 34/50

  4/985 [..............................] - ETA: 0s - loss: 0.6852 - acc: 0.7500
 56/985 [>.............................] - ETA: 0s - loss: 0.6892 - acc: 0.6250
108/985 [==>...........................] - ETA: 0s - loss: 0.6909 - acc: 0.5741
160/985 [===>..........................] - ETA: 0s - loss: 0.6900 - acc: 0.6000
212/985 [=====>........................] - ETA: 0s - loss: 0.6897 - acc: 0.6085
264/985 [=======>......................] - ETA: 0s - loss: 0.6897 - acc: 0.6098
316/985 [========>.....................] - ETA: 0s - loss: 0.6899 - acc: 0.6044
368/985 [==========>...................] - ETA: 0s - loss: 0.6892 - acc: 0.6250
420/985 [===========>..................] - ETA: 0s - loss: 0.6897 - acc: 0.6095
476/985 [=============>................] - ETA: 0s - loss: 0.6897 - acc: 0.6092
528/985 [===============>..............] - ETA: 0s - loss: 0.6897 - acc: 0.6098
580/985 [================>.............] - ETA: 0s - loss: 0.6898 - acc: 0.6052
632/985 [==================>...........] - ETA: 0s - loss: 0.6896 - acc: 0.6123
684/985 [===================>..........] - ETA: 0s - loss: 0.6894 - acc: 0.6170
740/985 [=====================>........] - ETA: 0s - loss: 0.6894 - acc: 0.6189
792/985 [=======================>......] - ETA: 0s - loss: 0.6895 - acc: 0.6162
844/985 [========================>.....] - ETA: 0s - loss: 0.6897 - acc: 0.6090
896/985 [==========================>...] - ETA: 0s - loss: 0.6898 - acc: 0.6071
948/985 [===========================>..] - ETA: 0s - loss: 0.6897 - acc: 0.6076
985/985 [==============================] - 1s 1ms/step - loss: 0.6896 - acc: 0.6102 - val_loss: 0.6887 - val_acc: 0.6364
Epoch 35/50

  4/985 [..............................] - ETA: 1s - loss: 0.6849 - acc: 0.7500
 56/985 [>.............................] - ETA: 0s - loss: 0.6867 - acc: 0.6964
108/985 [==>...........................] - ETA: 0s - loss: 0.6886 - acc: 0.6389
160/985 [===>..........................] - ETA: 0s - loss: 0.6878 - acc: 0.6625
212/985 [=====>........................] - ETA: 0s - loss: 0.6876 - acc: 0.6698
264/985 [=======>......................] - ETA: 0s - loss: 0.6875 - acc: 0.6705
316/985 [========>.....................] - ETA: 0s - loss: 0.6881 - acc: 0.6551
368/985 [==========>...................] - ETA: 0s - loss: 0.6885 - acc: 0.6413
420/985 [===========>..................] - ETA: 0s - loss: 0.6889 - acc: 0.6310
472/985 [=============>................] - ETA: 0s - loss: 0.6891 - acc: 0.6250
524/985 [==============>...............] - ETA: 0s - loss: 0.6889 - acc: 0.6298
576/985 [================>.............] - ETA: 0s - loss: 0.6893 - acc: 0.6181
624/985 [==================>...........] - ETA: 0s - loss: 0.6894 - acc: 0.6138
676/985 [===================>..........] - ETA: 0s - loss: 0.6894 - acc: 0.6139
724/985 [=====================>........] - ETA: 0s - loss: 0.6894 - acc: 0.6146
776/985 [======================>.......] - ETA: 0s - loss: 0.6894 - acc: 0.6134
824/985 [========================>.....] - ETA: 0s - loss: 0.6896 - acc: 0.6080
868/985 [=========================>....] - ETA: 0s - loss: 0.6895 - acc: 0.6106
916/985 [==========================>...] - ETA: 0s - loss: 0.6895 - acc: 0.6114
964/985 [============================>.] - ETA: 0s - loss: 0.6895 - acc: 0.6120
985/985 [==============================] - 1s 1ms/step - loss: 0.6895 - acc: 0.6102 - val_loss: 0.6886 - val_acc: 0.6364
Epoch 36/50

  4/985 [..............................] - ETA: 1s - loss: 0.6933 - acc: 0.5000
 56/985 [>.............................] - ETA: 0s - loss: 0.6908 - acc: 0.5714
108/985 [==>...........................] - ETA: 0s - loss: 0.6914 - acc: 0.5556
160/985 [===>..........................] - ETA: 0s - loss: 0.6914 - acc: 0.5563
212/985 [=====>........................] - ETA: 0s - loss: 0.6912 - acc: 0.5613
264/985 [=======>......................] - ETA: 0s - loss: 0.6912 - acc: 0.5606
316/985 [========>.....................] - ETA: 0s - loss: 0.6909 - acc: 0.5696
368/985 [==========>...................] - ETA: 0s - loss: 0.6906 - acc: 0.5788
420/985 [===========>..................] - ETA: 0s - loss: 0.6903 - acc: 0.5857
464/985 [=============>................] - ETA: 0s - loss: 0.6905 - acc: 0.5819
520/985 [==============>...............] - ETA: 0s - loss: 0.6903 - acc: 0.5865
572/985 [================>.............] - ETA: 0s - loss: 0.6902 - acc: 0.5892
624/985 [==================>...........] - ETA: 0s - loss: 0.6898 - acc: 0.5994
680/985 [===================>..........] - ETA: 0s - loss: 0.6897 - acc: 0.6029
732/985 [=====================>........] - ETA: 0s - loss: 0.6895 - acc: 0.6079
788/985 [=======================>......] - ETA: 0s - loss: 0.6895 - acc: 0.6104
844/985 [========================>.....] - ETA: 0s - loss: 0.6895 - acc: 0.6102
896/985 [==========================>...] - ETA: 0s - loss: 0.6894 - acc: 0.6116
948/985 [===========================>..] - ETA: 0s - loss: 0.6895 - acc: 0.6097
985/985 [==============================] - 1s 1ms/step - loss: 0.6895 - acc: 0.6102 - val_loss: 0.6885 - val_acc: 0.6364
Epoch 37/50

  4/985 [..............................] - ETA: 0s - loss: 0.6756 - acc: 1.0000
 56/985 [>.............................] - ETA: 0s - loss: 0.6914 - acc: 0.5536
108/985 [==>...........................] - ETA: 0s - loss: 0.6897 - acc: 0.6019
164/985 [===>..........................] - ETA: 0s - loss: 0.6901 - acc: 0.5915
216/985 [=====>........................] - ETA: 0s - loss: 0.6907 - acc: 0.5741
268/985 [=======>......................] - ETA: 0s - loss: 0.6904 - acc: 0.5821
320/985 [========>.....................] - ETA: 0s - loss: 0.6896 - acc: 0.6031
376/985 [==========>...................] - ETA: 0s - loss: 0.6893 - acc: 0.6117
432/985 [============>.................] - ETA: 0s - loss: 0.6893 - acc: 0.6134
488/985 [=============>................] - ETA: 0s - loss: 0.6894 - acc: 0.6107
544/985 [===============>..............] - ETA: 0s - loss: 0.6893 - acc: 0.6121
596/985 [=================>............] - ETA: 0s - loss: 0.6893 - acc: 0.6124
652/985 [==================>...........] - ETA: 0s - loss: 0.6896 - acc: 0.6043
708/985 [====================>.........] - ETA: 0s - loss: 0.6896 - acc: 0.6045
764/985 [======================>.......] - ETA: 0s - loss: 0.6893 - acc: 0.6126
820/985 [=======================>......] - ETA: 0s - loss: 0.6894 - acc: 0.6098
872/985 [=========================>....] - ETA: 0s - loss: 0.6893 - acc: 0.6124
924/985 [===========================>..] - ETA: 0s - loss: 0.6891 - acc: 0.6169
976/985 [============================>.] - ETA: 0s - loss: 0.6894 - acc: 0.6096
985/985 [==============================] - 1s 977us/step - loss: 0.6894 - acc: 0.6102 - val_loss: 0.6883 - val_acc: 0.6364
Epoch 38/50

  4/985 [..............................] - ETA: 0s - loss: 0.6842 - acc: 0.7500
 60/985 [>.............................] - ETA: 0s - loss: 0.6891 - acc: 0.6167
112/985 [==>...........................] - ETA: 0s - loss: 0.6897 - acc: 0.5982
164/985 [===>..........................] - ETA: 0s - loss: 0.6900 - acc: 0.5915
216/985 [=====>........................] - ETA: 0s - loss: 0.6893 - acc: 0.6111
268/985 [=======>......................] - ETA: 0s - loss: 0.6896 - acc: 0.6007
324/985 [========>.....................] - ETA: 0s - loss: 0.6890 - acc: 0.6173
376/985 [==========>...................] - ETA: 0s - loss: 0.6893 - acc: 0.6090
432/985 [============>.................] - ETA: 0s - loss: 0.6899 - acc: 0.5926
488/985 [=============>................] - ETA: 0s - loss: 0.6898 - acc: 0.5963
540/985 [===============>..............] - ETA: 0s - loss: 0.6905 - acc: 0.5759
592/985 [=================>............] - ETA: 0s - loss: 0.6903 - acc: 0.5828
648/985 [==================>...........] - ETA: 0s - loss: 0.6899 - acc: 0.5926
704/985 [====================>.........] - ETA: 0s - loss: 0.6895 - acc: 0.6051
760/985 [======================>.......] - ETA: 0s - loss: 0.6894 - acc: 0.6066
812/985 [=======================>......] - ETA: 0s - loss: 0.6894 - acc: 0.6059
868/985 [=========================>....] - ETA: 0s - loss: 0.6892 - acc: 0.6106
924/985 [===========================>..] - ETA: 0s - loss: 0.6893 - acc: 0.6082
980/985 [============================>.] - ETA: 0s - loss: 0.6892 - acc: 0.6112
985/985 [==============================] - 1s 982us/step - loss: 0.6893 - acc: 0.6102 - val_loss: 0.6882 - val_acc: 0.6364
Epoch 39/50

  4/985 [..............................] - ETA: 0s - loss: 0.6933 - acc: 0.5000
 56/985 [>.............................] - ETA: 0s - loss: 0.6866 - acc: 0.6786
112/985 [==>...........................] - ETA: 0s - loss: 0.6900 - acc: 0.5893
164/985 [===>..........................] - ETA: 0s - loss: 0.6908 - acc: 0.5671
216/985 [=====>........................] - ETA: 0s - loss: 0.6890 - acc: 0.6157
268/985 [=======>......................] - ETA: 0s - loss: 0.6895 - acc: 0.6007
320/985 [========>.....................] - ETA: 0s - loss: 0.6899 - acc: 0.5906
372/985 [==========>...................] - ETA: 0s - loss: 0.6902 - acc: 0.5833
428/985 [============>.................] - ETA: 0s - loss: 0.6898 - acc: 0.5935
480/985 [=============>................] - ETA: 0s - loss: 0.6897 - acc: 0.5958
536/985 [===============>..............] - ETA: 0s - loss: 0.6895 - acc: 0.6007
592/985 [=================>............] - ETA: 0s - loss: 0.6895 - acc: 0.6014
648/985 [==================>...........] - ETA: 0s - loss: 0.6893 - acc: 0.6065
700/985 [====================>.........] - ETA: 0s - loss: 0.6893 - acc: 0.6057
752/985 [=====================>........] - ETA: 0s - loss: 0.6893 - acc: 0.6077
808/985 [=======================>......] - ETA: 0s - loss: 0.6895 - acc: 0.6027
860/985 [=========================>....] - ETA: 0s - loss: 0.6894 - acc: 0.6035
916/985 [==========================>...] - ETA: 0s - loss: 0.6893 - acc: 0.6070
972/985 [============================>.] - ETA: 0s - loss: 0.6892 - acc: 0.6080
985/985 [==============================] - 1s 982us/step - loss: 0.6892 - acc: 0.6102 - val_loss: 0.6881 - val_acc: 0.6364
Epoch 40/50

  4/985 [..............................] - ETA: 0s - loss: 0.6742 - acc: 1.0000
 60/985 [>.............................] - ETA: 0s - loss: 0.6869 - acc: 0.6667
112/985 [==>...........................] - ETA: 0s - loss: 0.6906 - acc: 0.5714
164/985 [===>..........................] - ETA: 0s - loss: 0.6912 - acc: 0.5549
220/985 [=====>........................] - ETA: 0s - loss: 0.6909 - acc: 0.5636
276/985 [=======>......................] - ETA: 0s - loss: 0.6912 - acc: 0.5543
332/985 [=========>....................] - ETA: 0s - loss: 0.6907 - acc: 0.5693
384/985 [==========>...................] - ETA: 0s - loss: 0.6901 - acc: 0.5833
440/985 [============>.................] - ETA: 0s - loss: 0.6901 - acc: 0.5841
496/985 [==============>...............] - ETA: 0s - loss: 0.6894 - acc: 0.6008
552/985 [===============>..............] - ETA: 0s - loss: 0.6898 - acc: 0.5924
608/985 [=================>............] - ETA: 0s - loss: 0.6895 - acc: 0.6003
664/985 [===================>..........] - ETA: 0s - loss: 0.6893 - acc: 0.6039
720/985 [====================>.........] - ETA: 0s - loss: 0.6891 - acc: 0.6097
776/985 [======================>.......] - ETA: 0s - loss: 0.6889 - acc: 0.6134
832/985 [========================>.....] - ETA: 0s - loss: 0.6892 - acc: 0.6070
884/985 [=========================>....] - ETA: 0s - loss: 0.6891 - acc: 0.6097
940/985 [===========================>..] - ETA: 0s - loss: 0.6892 - acc: 0.6074
985/985 [==============================] - 1s 978us/step - loss: 0.6891 - acc: 0.6102 - val_loss: 0.6880 - val_acc: 0.6364
Epoch 41/50

  4/985 [..............................] - ETA: 0s - loss: 0.6933 - acc: 0.5000
 60/985 [>.............................] - ETA: 0s - loss: 0.6914 - acc: 0.5500
112/985 [==>...........................] - ETA: 0s - loss: 0.6902 - acc: 0.5804
164/985 [===>..........................] - ETA: 0s - loss: 0.6912 - acc: 0.5549
220/985 [=====>........................] - ETA: 0s - loss: 0.6905 - acc: 0.5727
272/985 [=======>......................] - ETA: 0s - loss: 0.6899 - acc: 0.5882
324/985 [========>.....................] - ETA: 0s - loss: 0.6901 - acc: 0.5833
380/985 [==========>...................] - ETA: 0s - loss: 0.6894 - acc: 0.6000
436/985 [============>.................] - ETA: 0s - loss: 0.6896 - acc: 0.5940
492/985 [=============>................] - ETA: 0s - loss: 0.6895 - acc: 0.5976
548/985 [===============>..............] - ETA: 0s - loss: 0.6889 - acc: 0.6113
604/985 [=================>............] - ETA: 0s - loss: 0.6892 - acc: 0.6043
660/985 [===================>..........] - ETA: 0s - loss: 0.6890 - acc: 0.6091
716/985 [====================>.........] - ETA: 0s - loss: 0.6888 - acc: 0.6145
768/985 [======================>.......] - ETA: 0s - loss: 0.6889 - acc: 0.6120
824/985 [========================>.....] - ETA: 0s - loss: 0.6891 - acc: 0.6068
880/985 [=========================>....] - ETA: 0s - loss: 0.6894 - acc: 0.6000
932/985 [===========================>..] - ETA: 0s - loss: 0.6891 - acc: 0.6062
984/985 [============================>.] - ETA: 0s - loss: 0.6889 - acc: 0.6108
985/985 [==============================] - 1s 984us/step - loss: 0.6890 - acc: 0.6102 - val_loss: 0.6879 - val_acc: 0.6364
Epoch 42/50

  4/985 [..............................] - ETA: 0s - loss: 0.6833 - acc: 0.7500
 60/985 [>.............................] - ETA: 0s - loss: 0.6860 - acc: 0.6833
112/985 [==>...........................] - ETA: 0s - loss: 0.6869 - acc: 0.6607
164/985 [===>..........................] - ETA: 0s - loss: 0.6857 - acc: 0.6890
216/985 [=====>........................] - ETA: 0s - loss: 0.6868 - acc: 0.6620
272/985 [=======>......................] - ETA: 0s - loss: 0.6874 - acc: 0.6471
324/985 [========>.....................] - ETA: 0s - loss: 0.6884 - acc: 0.6235
380/985 [==========>...................] - ETA: 0s - loss: 0.6891 - acc: 0.6053
436/985 [============>.................] - ETA: 0s - loss: 0.6894 - acc: 0.5986
492/985 [=============>................] - ETA: 0s - loss: 0.6888 - acc: 0.6118
548/985 [===============>..............] - ETA: 0s - loss: 0.6889 - acc: 0.6113
600/985 [=================>............] - ETA: 0s - loss: 0.6888 - acc: 0.6133
656/985 [==================>...........] - ETA: 0s - loss: 0.6888 - acc: 0.6113
708/985 [====================>.........] - ETA: 0s - loss: 0.6888 - acc: 0.6116
764/985 [======================>.......] - ETA: 0s - loss: 0.6890 - acc: 0.6086
816/985 [=======================>......] - ETA: 0s - loss: 0.6890 - acc: 0.6066
872/985 [=========================>....] - ETA: 0s - loss: 0.6891 - acc: 0.6055
924/985 [===========================>..] - ETA: 0s - loss: 0.6892 - acc: 0.6028
976/985 [============================>.] - ETA: 0s - loss: 0.6889 - acc: 0.6107
985/985 [==============================] - 1s 986us/step - loss: 0.6889 - acc: 0.6102 - val_loss: 0.6878 - val_acc: 0.6364
Epoch 43/50

  4/985 [..............................] - ETA: 0s - loss: 0.6831 - acc: 0.7500
 56/985 [>.............................] - ETA: 0s - loss: 0.6897 - acc: 0.5893
108/985 [==>...........................] - ETA: 0s - loss: 0.6888 - acc: 0.6111
164/985 [===>..........................] - ETA: 0s - loss: 0.6878 - acc: 0.6341
216/985 [=====>........................] - ETA: 0s - loss: 0.6886 - acc: 0.6157
268/985 [=======>......................] - ETA: 0s - loss: 0.6883 - acc: 0.6231
324/985 [========>.....................] - ETA: 0s - loss: 0.6875 - acc: 0.6420
380/985 [==========>...................] - ETA: 0s - loss: 0.6876 - acc: 0.6395
436/985 [============>.................] - ETA: 0s - loss: 0.6878 - acc: 0.6353
488/985 [=============>................] - ETA: 0s - loss: 0.6880 - acc: 0.6291
540/985 [===============>..............] - ETA: 0s - loss: 0.6882 - acc: 0.6259
596/985 [=================>............] - ETA: 0s - loss: 0.6886 - acc: 0.6141
652/985 [==================>...........] - ETA: 0s - loss: 0.6888 - acc: 0.6104
708/985 [====================>.........] - ETA: 0s - loss: 0.6887 - acc: 0.6130
760/985 [======================>.......] - ETA: 0s - loss: 0.6886 - acc: 0.6145
808/985 [=======================>......] - ETA: 0s - loss: 0.6888 - acc: 0.6089
856/985 [=========================>....] - ETA: 0s - loss: 0.6891 - acc: 0.6040
908/985 [==========================>...] - ETA: 0s - loss: 0.6891 - acc: 0.6035
956/985 [============================>.] - ETA: 0s - loss: 0.6890 - acc: 0.6056
985/985 [==============================] - 1s 1ms/step - loss: 0.6888 - acc: 0.6102 - val_loss: 0.6876 - val_acc: 0.6364
Epoch 44/50

  4/985 [..............................] - ETA: 0s - loss: 0.6724 - acc: 1.0000
 56/985 [>.............................] - ETA: 0s - loss: 0.6956 - acc: 0.4464
104/985 [==>...........................] - ETA: 0s - loss: 0.6918 - acc: 0.5385
156/985 [===>..........................] - ETA: 0s - loss: 0.6904 - acc: 0.5705
204/985 [=====>........................] - ETA: 0s - loss: 0.6911 - acc: 0.5539
256/985 [======>.......................] - ETA: 0s - loss: 0.6899 - acc: 0.5820
308/985 [========>.....................] - ETA: 0s - loss: 0.6900 - acc: 0.5812
360/985 [=========>....................] - ETA: 0s - loss: 0.6892 - acc: 0.6000
416/985 [===========>..................] - ETA: 0s - loss: 0.6887 - acc: 0.6106
472/985 [=============>................] - ETA: 0s - loss: 0.6889 - acc: 0.6059
524/985 [==============>...............] - ETA: 0s - loss: 0.6890 - acc: 0.6031
580/985 [================>.............] - ETA: 0s - loss: 0.6891 - acc: 0.6017
636/985 [==================>...........] - ETA: 0s - loss: 0.6891 - acc: 0.6006
692/985 [====================>.........] - ETA: 0s - loss: 0.6888 - acc: 0.6069
748/985 [=====================>........] - ETA: 0s - loss: 0.6889 - acc: 0.6056
804/985 [=======================>......] - ETA: 0s - loss: 0.6888 - acc: 0.6082
856/985 [=========================>....] - ETA: 0s - loss: 0.6886 - acc: 0.6133
912/985 [==========================>...] - ETA: 0s - loss: 0.6886 - acc: 0.6129
968/985 [============================>.] - ETA: 0s - loss: 0.6888 - acc: 0.6085
985/985 [==============================] - 1s 995us/step - loss: 0.6887 - acc: 0.6102 - val_loss: 0.6875 - val_acc: 0.6364
Epoch 45/50

  4/985 [..............................] - ETA: 0s - loss: 0.6827 - acc: 0.7500
 60/985 [>.............................] - ETA: 0s - loss: 0.6862 - acc: 0.6667
116/985 [==>...........................] - ETA: 0s - loss: 0.6845 - acc: 0.7069
172/985 [====>.........................] - ETA: 0s - loss: 0.6876 - acc: 0.6337
224/985 [=====>........................] - ETA: 0s - loss: 0.6890 - acc: 0.6027
276/985 [=======>......................] - ETA: 0s - loss: 0.6887 - acc: 0.6087
332/985 [=========>....................] - ETA: 0s - loss: 0.6887 - acc: 0.6084
384/985 [==========>...................] - ETA: 0s - loss: 0.6890 - acc: 0.6016
436/985 [============>.................] - ETA: 0s - loss: 0.6886 - acc: 0.6101
492/985 [=============>................] - ETA: 0s - loss: 0.6892 - acc: 0.5976
548/985 [===============>..............] - ETA: 0s - loss: 0.6893 - acc: 0.5949
604/985 [=================>............] - ETA: 0s - loss: 0.6894 - acc: 0.5927
656/985 [==================>...........] - ETA: 0s - loss: 0.6894 - acc: 0.5915
712/985 [====================>.........] - ETA: 0s - loss: 0.6890 - acc: 0.6011
768/985 [======================>.......] - ETA: 0s - loss: 0.6890 - acc: 0.6016
824/985 [========================>.....] - ETA: 0s - loss: 0.6887 - acc: 0.6092
876/985 [=========================>....] - ETA: 0s - loss: 0.6885 - acc: 0.6119
928/985 [===========================>..] - ETA: 0s - loss: 0.6886 - acc: 0.6099
980/985 [============================>.] - ETA: 0s - loss: 0.6886 - acc: 0.6102
985/985 [==============================] - 1s 976us/step - loss: 0.6886 - acc: 0.6102 - val_loss: 0.6874 - val_acc: 0.6364
Epoch 46/50

  4/985 [..............................] - ETA: 0s - loss: 0.6824 - acc: 0.7500
 56/985 [>.............................] - ETA: 0s - loss: 0.6879 - acc: 0.6250
108/985 [==>...........................] - ETA: 0s - loss: 0.6893 - acc: 0.5926
160/985 [===>..........................] - ETA: 0s - loss: 0.6887 - acc: 0.6062
216/985 [=====>........................] - ETA: 0s - loss: 0.6879 - acc: 0.6250
272/985 [=======>......................] - ETA: 0s - loss: 0.6871 - acc: 0.6434
324/985 [========>.....................] - ETA: 0s - loss: 0.6881 - acc: 0.6204
376/985 [==========>...................] - ETA: 0s - loss: 0.6881 - acc: 0.6197
432/985 [============>.................] - ETA: 0s - loss: 0.6882 - acc: 0.6181
488/985 [=============>................] - ETA: 0s - loss: 0.6883 - acc: 0.6148
540/985 [===============>..............] - ETA: 0s - loss: 0.6886 - acc: 0.6093
596/985 [=================>............] - ETA: 0s - loss: 0.6888 - acc: 0.6040
652/985 [==================>...........] - ETA: 0s - loss: 0.6890 - acc: 0.5997
708/985 [====================>.........] - ETA: 0s - loss: 0.6893 - acc: 0.5932
764/985 [======================>.......] - ETA: 0s - loss: 0.6888 - acc: 0.6034
820/985 [=======================>......] - ETA: 0s - loss: 0.6890 - acc: 0.6000
876/985 [=========================>....] - ETA: 0s - loss: 0.6891 - acc: 0.5970
928/985 [===========================>..] - ETA: 0s - loss: 0.6888 - acc: 0.6034
984/985 [============================>.] - ETA: 0s - loss: 0.6885 - acc: 0.6108
985/985 [==============================] - 1s 982us/step - loss: 0.6885 - acc: 0.6102 - val_loss: 0.6873 - val_acc: 0.6364
Epoch 47/50

  4/985 [..............................] - ETA: 0s - loss: 0.6934 - acc: 0.5000
 60/985 [>.............................] - ETA: 0s - loss: 0.6889 - acc: 0.6000
116/985 [==>...........................] - ETA: 0s - loss: 0.6895 - acc: 0.5862
168/985 [====>.........................] - ETA: 0s - loss: 0.6886 - acc: 0.6071
220/985 [=====>........................] - ETA: 0s - loss: 0.6889 - acc: 0.6000
272/985 [=======>......................] - ETA: 0s - loss: 0.6883 - acc: 0.6140
328/985 [========>.....................] - ETA: 0s - loss: 0.6883 - acc: 0.6128
384/985 [==========>...................] - ETA: 0s - loss: 0.6886 - acc: 0.6068
440/985 [============>.................] - ETA: 0s - loss: 0.6887 - acc: 0.6045
496/985 [==============>...............] - ETA: 0s - loss: 0.6884 - acc: 0.6109
552/985 [===============>..............] - ETA: 0s - loss: 0.6888 - acc: 0.6033
604/985 [=================>............] - ETA: 0s - loss: 0.6889 - acc: 0.5993
660/985 [===================>..........] - ETA: 0s - loss: 0.6890 - acc: 0.5985
716/985 [====================>.........] - ETA: 0s - loss: 0.6893 - acc: 0.5908
772/985 [======================>.......] - ETA: 0s - loss: 0.6888 - acc: 0.6010
828/985 [========================>.....] - ETA: 0s - loss: 0.6886 - acc: 0.6063
880/985 [=========================>....] - ETA: 0s - loss: 0.6885 - acc: 0.6080
932/985 [===========================>..] - ETA: 0s - loss: 0.6886 - acc: 0.6073
985/985 [==============================] - 1s 976us/step - loss: 0.6884 - acc: 0.6102 - val_loss: 0.6872 - val_acc: 0.6364
Epoch 48/50

  4/985 [..............................] - ETA: 0s - loss: 0.6706 - acc: 1.0000
 60/985 [>.............................] - ETA: 0s - loss: 0.6850 - acc: 0.6833
112/985 [==>...........................] - ETA: 0s - loss: 0.6861 - acc: 0.6607
164/985 [===>..........................] - ETA: 0s - loss: 0.6881 - acc: 0.6159
220/985 [=====>........................] - ETA: 0s - loss: 0.6876 - acc: 0.6273
276/985 [=======>......................] - ETA: 0s - loss: 0.6868 - acc: 0.6449
328/985 [========>.....................] - ETA: 0s - loss: 0.6871 - acc: 0.6372
380/985 [==========>...................] - ETA: 0s - loss: 0.6877 - acc: 0.6237
436/985 [============>.................] - ETA: 0s - loss: 0.6884 - acc: 0.6101
492/985 [=============>................] - ETA: 0s - loss: 0.6881 - acc: 0.6159
544/985 [===============>..............] - ETA: 0s - loss: 0.6882 - acc: 0.6140
600/985 [=================>............] - ETA: 0s - loss: 0.6884 - acc: 0.6083
656/985 [==================>...........] - ETA: 0s - loss: 0.6879 - acc: 0.6189
712/985 [====================>.........] - ETA: 0s - loss: 0.6880 - acc: 0.6180
764/985 [======================>.......] - ETA: 0s - loss: 0.6879 - acc: 0.6191
820/985 [=======================>......] - ETA: 0s - loss: 0.6881 - acc: 0.6159
876/985 [=========================>....] - ETA: 0s - loss: 0.6882 - acc: 0.6130
932/985 [===========================>..] - ETA: 0s - loss: 0.6883 - acc: 0.6116
984/985 [============================>.] - ETA: 0s - loss: 0.6883 - acc: 0.6108
985/985 [==============================] - 1s 980us/step - loss: 0.6883 - acc: 0.6102 - val_loss: 0.6871 - val_acc: 0.6364
Epoch 49/50

  4/985 [..............................] - ETA: 0s - loss: 0.6818 - acc: 0.7500
 60/985 [>.............................] - ETA: 0s - loss: 0.6895 - acc: 0.5833
116/985 [==>...........................] - ETA: 0s - loss: 0.6878 - acc: 0.6207
168/985 [====>.........................] - ETA: 0s - loss: 0.6884 - acc: 0.6071
220/985 [=====>........................] - ETA: 0s - loss: 0.6881 - acc: 0.6136
276/985 [=======>......................] - ETA: 0s - loss: 0.6877 - acc: 0.6232
332/985 [=========>....................] - ETA: 0s - loss: 0.6874 - acc: 0.6295
388/985 [==========>...................] - ETA: 0s - loss: 0.6872 - acc: 0.6340
440/985 [============>.................] - ETA: 0s - loss: 0.6874 - acc: 0.6295
496/985 [==============>...............] - ETA: 0s - loss: 0.6878 - acc: 0.6210
552/985 [===============>..............] - ETA: 0s - loss: 0.6882 - acc: 0.6105
608/985 [=================>............] - ETA: 0s - loss: 0.6883 - acc: 0.6102
664/985 [===================>..........] - ETA: 0s - loss: 0.6883 - acc: 0.6084
716/985 [====================>.........] - ETA: 0s - loss: 0.6885 - acc: 0.6047
768/985 [======================>.......] - ETA: 0s - loss: 0.6885 - acc: 0.6042
824/985 [========================>.....] - ETA: 0s - loss: 0.6883 - acc: 0.6092
876/985 [=========================>....] - ETA: 0s - loss: 0.6883 - acc: 0.6084
928/985 [===========================>..] - ETA: 0s - loss: 0.6885 - acc: 0.6056
984/985 [============================>.] - ETA: 0s - loss: 0.6883 - acc: 0.6098
985/985 [==============================] - 1s 978us/step - loss: 0.6882 - acc: 0.6102 - val_loss: 0.6870 - val_acc: 0.6364
Epoch 50/50

  4/985 [..............................] - ETA: 0s - loss: 0.6934 - acc: 0.5000
 60/985 [>.............................] - ETA: 0s - loss: 0.6934 - acc: 0.5000
112/985 [==>...........................] - ETA: 0s - loss: 0.6909 - acc: 0.5536
164/985 [===>..........................] - ETA: 0s - loss: 0.6900 - acc: 0.5732
220/985 [=====>........................] - ETA: 0s - loss: 0.6889 - acc: 0.5955
276/985 [=======>......................] - ETA: 0s - loss: 0.6889 - acc: 0.5942
328/985 [========>.....................] - ETA: 0s - loss: 0.6886 - acc: 0.6006
380/985 [==========>...................] - ETA: 0s - loss: 0.6883 - acc: 0.6079
432/985 [============>.................] - ETA: 0s - loss: 0.6889 - acc: 0.5949
488/985 [=============>................] - ETA: 0s - loss: 0.6887 - acc: 0.5984
540/985 [===============>..............] - ETA: 0s - loss: 0.6887 - acc: 0.6000
592/985 [=================>............] - ETA: 0s - loss: 0.6886 - acc: 0.6014
648/985 [==================>...........] - ETA: 0s - loss: 0.6883 - acc: 0.6065
700/985 [====================>.........] - ETA: 0s - loss: 0.6886 - acc: 0.6014
756/985 [======================>.......] - ETA: 0s - loss: 0.6884 - acc: 0.6045
808/985 [=======================>......] - ETA: 0s - loss: 0.6879 - acc: 0.6151
864/985 [=========================>....] - ETA: 0s - loss: 0.6882 - acc: 0.6100
920/985 [===========================>..] - ETA: 0s - loss: 0.6884 - acc: 0.6054
976/985 [============================>.] - ETA: 0s - loss: 0.6882 - acc: 0.6096
985/985 [==============================] - 1s 980us/step - loss: 0.6882 - acc: 0.6102 - val_loss: 0.6868 - val_acc: 0.6364

 32/110 [=======>......................] - ETA: 0s
110/110 [==============================] - 0s 45us/step
[0.6868416732007807, 0.6363636396147988]

Process finished with exit code 0
